\BOOKMARK [0][-]{chapter.1}{\376\377\000I\000n\000s\000t\000a\000l\000l\000i\000n\000g\000\040\000P\000y\000P\000o\000p}{}% 1
\BOOKMARK [1][-]{section.1.1}{\376\377\000Q\000u\000i\000c\000k\000s\000t\000a\000r\000t\000\040\000G\000u\000i\000d\000e}{chapter.1}% 2
\BOOKMARK [1][-]{section.1.2}{\376\377\000E\000x\000a\000m\000p\000l\000e\000s}{chapter.1}% 3
\BOOKMARK [2][-]{subsection.1.2.1}{\376\377\000C\000h\000e\000c\000k\000i\000n\000g\000\040\000v\000e\000r\000s\000i\000o\000n\000\040\000a\000n\000d\000\040\000i\000n\000s\000t\000a\000l\000l\000a\000t\000i\000o\000n}{section.1.2}% 4
\BOOKMARK [2][-]{subsection.1.2.2}{\376\377\000R\000u\000n\000\040\000a\000\040\000m\000i\000n\000i\000m\000a\000l\000\040\000d\000a\000t\000a\000s\000e\000t\000:}{section.1.2}% 5
\BOOKMARK [1][-]{section.1.3}{\376\377\000D\000e\000t\000a\000i\000l\000e\000d\000\040\000i\000n\000s\000t\000a\000l\000l\000a\000t\000i\000o\000n\000\040\000i\000n\000s\000t\000r\000u\000c\000t\000i\000o\000n\000s}{chapter.1}% 6
\BOOKMARK [2][-]{subsection.1.3.1}{\376\377\000I\000n\000s\000t\000a\000l\000l\000\040\000P\000y\000t\000h\000o\000n\000\040\0003\000\040\000a\000n\000d\000\040\000p\000i\000p}{section.1.3}% 7
\BOOKMARK [2][-]{subsection.1.3.2}{\376\377\000I\000n\000s\000t\000a\000l\000l\000\040\000p\000a\000c\000k\000a\000g\000e\000\040\000f\000r\000o\000m\000\040\000P\000y\000P\000I}{section.1.3}% 8
\BOOKMARK [2][-]{subsection.1.3.3}{\376\377\000I\000n\000s\000t\000a\000l\000l\000\040\000p\000a\000c\000k\000a\000g\000e\000\040\000f\000r\000o\000m\000\040\000G\000i\000t\000H\000u\000b\000\040\000R\000e\000l\000e\000a\000s\000e\000s\000\040\000\050\000a\000d\000v\000a\000n\000c\000e\000d\000\051}{section.1.3}% 9
\BOOKMARK [2][-]{subsection.1.3.4}{\376\377\000P\000o\000s\000t\000-\000i\000n\000s\000t\000a\000l\000l\000\040\000P\000A\000T\000H\000\040\000a\000d\000j\000u\000s\000t\000m\000e\000n\000t\000s}{section.1.3}% 10
\BOOKMARK [2][-]{subsection.1.3.5}{\376\377\000U\000n\000i\000n\000s\000t\000a\000l\000l\000i\000n\000g\000\040\000P\000y\000P\000o\000p}{section.1.3}% 11
\BOOKMARK [1][-]{section.1.4}{\376\377\000S\000u\000p\000p\000o\000r\000t\000\040\000a\000n\000d\000\040\000d\000e\000v\000e\000l\000o\000p\000m\000e\000n\000t}{chapter.1}% 12
\BOOKMARK [0][-]{chapter.2}{\376\377\000G\000e\000t\000t\000i\000n\000g\000\040\000s\000t\000a\000r\000t\000e\000d\000\040\000w\000i\000t\000h\000\040\000P\000y\000P\000o\000p}{}% 13
\BOOKMARK [1][-]{section.2.1}{\376\377\000I\000n\000t\000r\000o\000d\000u\000c\000t\000i\000o\000n}{chapter.2}% 14
\BOOKMARK [2][-]{subsection.2.1.1}{\376\377\000I\000n\000t\000e\000r\000a\000c\000t\000i\000v\000e\000\040\000m\000o\000d\000e}{section.2.1}% 15
\BOOKMARK [2][-]{subsection.2.1.2}{\376\377\000B\000a\000t\000c\000h\000\040\000m\000o\000d\000e}{section.2.1}% 16
\BOOKMARK [2][-]{subsection.2.1.3}{\376\377\000W\000h\000a\000t\000\040\000h\000a\000p\000p\000e\000n\000s\000\040\000w\000h\000e\000n\000\040\000y\000o\000u\000\040\000r\000u\000n\000\040\000P\000y\000P\000o\000p\000?}{section.2.1}% 17
\BOOKMARK [1][-]{section.2.2}{\376\377\000U\000s\000i\000n\000g\000\040\000p\000o\000p\000m\000e\000t\000a\000\040\000t\000o\000\040\000a\000g\000g\000r\000e\000g\000a\000t\000e\000\040\000r\000e\000s\000u\000l\000t\000s}{chapter.2}% 18
\BOOKMARK [1][-]{section.2.3}{\376\377\000C\000o\000m\000m\000a\000n\000d\000-\000l\000i\000n\000e\000\040\000i\000n\000t\000e\000r\000f\000a\000c\000e\000s}{chapter.2}% 19
\BOOKMARK [2][-]{subsection.2.3.1}{\376\377\000p\000y\000p\000o\000p\000\040\000u\000s\000a\000g\000e}{section.2.3}% 20
\BOOKMARK [3][-]{subsubsection*.5}{\376\377\000O\000p\000t\000i\000o\000n\000s\000\040\000f\000o\000r\000\040\000p\000y\000p\000o\000p}{subsection.2.3.1}% 21
\BOOKMARK [3][-]{subsubsection*.6}{\376\377\000T\000S\000V\000\040\000o\000u\000t\000p\000u\000t\000\040\000o\000p\000t\000i\000o\000n\000s}{subsection.2.3.1}% 22
\BOOKMARK [3][-]{subsubsection*.7}{\376\377\000M\000u\000t\000u\000a\000l\000l\000y\000\040\000e\000x\000c\000l\000u\000s\000i\000v\000e\000\040\000i\000n\000p\000u\000t\000\040\000o\000p\000t\000i\000o\000n\000s}{subsection.2.3.1}% 23
\BOOKMARK [2][-]{subsection.2.3.2}{\376\377\000p\000o\000p\000m\000e\000t\000a\000\040\000u\000s\000a\000g\000e}{section.2.3}% 24
\BOOKMARK [3][-]{subsubsection*.8}{\376\377\000P\000o\000s\000i\000t\000i\000o\000n\000a\000l\000\040\000A\000r\000g\000u\000m\000e\000n\000t\000s}{subsection.2.3.2}% 25
\BOOKMARK [3][-]{subsubsection*.9}{\376\377\000O\000p\000t\000i\000o\000n\000s\000\040\000f\000o\000r\000\040\000p\000o\000p\000m\000e\000t\000a}{subsection.2.3.2}% 26
\BOOKMARK [3][-]{subsubsection*.10}{\376\377\000M\000u\000t\000u\000a\000l\000l\000y\000\040\000e\000x\000c\000l\000u\000s\000i\000v\000e\000\040\000p\000o\000p\000m\000e\000t\000a\000\040\000o\000p\000t\000i\000o\000n\000s}{subsection.2.3.2}% 27
\BOOKMARK [1][-]{section.2.4}{\376\377\000T\000h\000e\000\040\000d\000a\000t\000a\000\040\000f\000i\000l\000e}{chapter.2}% 28
\BOOKMARK [2][-]{subsection.2.4.1}{\376\377\000S\000a\000m\000p\000l\000e\000\040\000f\000i\000l\000e\000s}{section.2.4}% 29
\BOOKMARK [2][-]{subsection.2.4.2}{\376\377\000M\000i\000s\000s\000i\000n\000g\000\040\000d\000a\000t\000a}{section.2.4}% 30
\BOOKMARK [1][-]{section.2.5}{\376\377\000T\000h\000e\000\040\000c\000o\000n\000f\000i\000g\000u\000r\000a\000t\000i\000o\000n\000\040\000f\000i\000l\000e}{chapter.2}% 31
\BOOKMARK [2][-]{subsection.2.5.1}{\376\377\000A\000\040\000m\000i\000n\000i\000m\000a\000l\000\040\000c\000o\000n\000f\000i\000g\000u\000r\000a\000t\000i\000o\000n\000\040\000f\000i\000l\000e}{section.2.5}% 32
\BOOKMARK [2][-]{subsection.2.5.2}{\376\377\000A\000d\000v\000a\000n\000c\000e\000d\000\040\000o\000p\000t\000i\000o\000n\000s}{section.2.5}% 33
\BOOKMARK [0][-]{chapter.3}{\376\377\000I\000n\000t\000e\000r\000p\000r\000e\000t\000i\000n\000g\000\040\000P\000y\000P\000o\000p\000\040\000o\000u\000t\000p\000u\000t}{}% 34
\BOOKMARK [1][-]{section.3.1}{\376\377\000P\000o\000p\000u\000l\000a\000t\000i\000o\000n\000\040\000s\000u\000m\000m\000a\000r\000y}{chapter.3}% 35
\BOOKMARK [1][-]{section.3.2}{\376\377\000S\000i\000n\000g\000l\000e\000\040\000l\000o\000c\000u\000s\000\040\000a\000n\000a\000l\000y\000s\000e\000s}{chapter.3}% 36
\BOOKMARK [2][-]{subsection.3.2.1}{\376\377\000B\000a\000s\000i\000c\000\040\000a\000l\000l\000e\000l\000e\000\040\000c\000o\000u\000n\000t\000\040\000i\000n\000f\000o\000r\000m\000a\000t\000i\000o\000n}{section.3.2}% 37
\BOOKMARK [2][-]{subsection.3.2.2}{\376\377\000C\000h\000i\000-\000s\000q\000u\000a\000r\000e\000\040\000t\000e\000s\000t\000\040\000f\000o\000r\000\040\000d\000e\000v\000i\000a\000t\000i\000o\000n\000\040\000f\000r\000o\000m\000\040\000H\000a\000r\000d\000y\000-\000W\000e\000i\000n\000b\000e\000r\000g\000\040\000p\000r\000o\000p\000o\000r\000t\000i\000o\000n\000s\000\040\000\050\000H\000W\000P\000\051\000.}{section.3.2}% 38
\BOOKMARK [2][-]{subsection.3.2.3}{\376\377\000E\000x\000a\000c\000t\000\040\000t\000e\000s\000t\000\040\000f\000o\000r\000\040\000d\000e\000v\000i\000a\000t\000i\000o\000n\000\040\000f\000r\000o\000m\000\040\000H\000W\000P}{section.3.2}% 39
\BOOKMARK [2][-]{subsection.3.2.4}{\376\377\000T\000h\000e\000\040\000E\000w\000e\000n\000s\000-\000W\000a\000t\000t\000e\000r\000s\000o\000n\000\040\000h\000o\000m\000o\000z\000y\000g\000o\000s\000i\000t\000y\000\040\000t\000e\000s\000t\000\040\000o\000f\000\040\000n\000e\000u\000t\000r\000a\000l\000i\000t\000y}{section.3.2}% 40
\BOOKMARK [1][-]{section.3.3}{\376\377\000M\000u\000l\000t\000i\000-\000l\000o\000c\000u\000s\000\040\000a\000n\000a\000l\000y\000s\000e\000s}{chapter.3}% 41
\BOOKMARK [2][-]{subsection.3.3.1}{\376\377\000A\000l\000l\000\040\000p\000a\000i\000r\000w\000i\000s\000e\000\040\000L\000D}{section.3.3}% 42
\BOOKMARK [2][-]{subsection.3.3.2}{\376\377\000H\000a\000p\000l\000o\000t\000y\000p\000e\000\040\000f\000r\000e\000q\000u\000e\000n\000c\000y\000\040\000e\000s\000t\000i\000m\000a\000t\000i\000o\000n}{section.3.3}% 43
\BOOKMARK [0][-]{chapter.4}{\376\377\000C\000o\000n\000t\000r\000i\000b\000u\000t\000i\000n\000g\000\040\000t\000o\000\040\000P\000y\000P\000o\000p}{}% 44
\BOOKMARK [1][-]{section.4.1}{\376\377\000R\000e\000p\000o\000r\000t\000i\000n\000g\000\040\000a\000n\000d\000\040\000r\000e\000q\000u\000e\000s\000t\000i\000n\000g}{chapter.4}% 45
\BOOKMARK [2][-]{subsection.4.1.1}{\376\377\000D\000i\000d\000\040\000y\000o\000u\000\040\000f\000i\000n\000d\000\040\000a\000\040\000b\000u\000g\000?}{section.4.1}% 46
\BOOKMARK [2][-]{subsection.4.1.2}{\376\377\000D\000o\000c\000u\000m\000e\000n\000t\000a\000t\000i\000o\000n\000\040\000i\000m\000p\000r\000o\000v\000e\000m\000e\000n\000t\000s}{section.4.1}% 47
\BOOKMARK [2][-]{subsection.4.1.3}{\376\377\000F\000e\000a\000t\000u\000r\000e\000\040\000r\000e\000q\000u\000e\000s\000t\000s\000\040\000a\000n\000d\000\040\000f\000e\000e\000d\000b\000a\000c\000k}{section.4.1}% 48
\BOOKMARK [1][-]{section.4.2}{\376\377\000M\000a\000k\000i\000n\000g\000\040\000a\000\040\000c\000o\000d\000e\000\040\000c\000o\000n\000t\000r\000i\000b\000u\000t\000i\000o\000n}{chapter.4}% 49
\BOOKMARK [2][-]{subsection.4.2.1}{\376\377\000F\000o\000r\000k\000\040\000t\000h\000i\000s\000\040\000r\000e\000p\000o\000s\000i\000t\000o\000r\000y}{section.4.2}% 50
\BOOKMARK [2][-]{subsection.4.2.2}{\376\377\000C\000l\000o\000n\000e\000\040\000t\000h\000e\000\040\000m\000a\000i\000n\000\040\000r\000e\000p\000o\000s\000i\000t\000o\000r\000y}{section.4.2}% 51
\BOOKMARK [2][-]{subsection.4.2.3}{\376\377\000M\000a\000k\000e\000\040\000a\000\040\000n\000e\000w\000\040\000b\000r\000a\000n\000c\000h}{section.4.2}% 52
\BOOKMARK [2][-]{subsection.4.2.4}{\376\377\000B\000u\000i\000l\000d\000\040\000l\000o\000c\000a\000l\000l\000y\000\040\000a\000n\000d\000\040\000m\000a\000k\000e\000\040\000y\000o\000u\000r\000\040\000c\000h\000a\000n\000g\000e\000s}{section.4.2}% 53
\BOOKMARK [2][-]{subsection.4.2.5}{\376\377\000K\000e\000e\000p\000\040\000y\000o\000u\000r\000\040\000b\000r\000a\000n\000c\000h\000\040\000i\000n\000\040\000s\000y\000n\000c\000\040\000w\000i\000t\000h\000\040\000u\000p\000s\000t\000r\000e\000a\000m}{section.4.2}% 54
\BOOKMARK [2][-]{subsection.4.2.6}{\376\377\000U\000p\000d\000a\000t\000e\000\040\000N\000E\000W\000S\000.\000r\000s\000t}{section.4.2}% 55
\BOOKMARK [2][-]{subsection.4.2.7}{\376\377\000R\000u\000n\000\040\000u\000n\000i\000t\000\040\000t\000e\000s\000t\000s\000\040\000w\000i\000t\000h\000\040\000p\000y\000t\000e\000s\000t}{section.4.2}% 56
\BOOKMARK [2][-]{subsection.4.2.8}{\376\377\000M\000a\000k\000e\000\040\000a\000\040\000P\000u\000l\000l\000\040\000R\000e\000q\000u\000e\000s\000t}{section.4.2}% 57
\BOOKMARK [1][-]{section.4.3}{\376\377\000I\000n\000s\000t\000a\000l\000l\000a\000t\000i\000o\000n\000\040\000f\000o\000r\000\040\000d\000e\000v\000e\000l\000o\000p\000e\000r\000s}{chapter.4}% 58
\BOOKMARK [2][-]{subsection.4.3.1}{\376\377\000I\000n\000s\000t\000a\000l\000l\000\040\000t\000h\000e\000\040\000b\000u\000i\000l\000d\000\040\000e\000n\000v\000i\000r\000o\000n\000m\000e\000n\000t}{section.4.3}% 59
\BOOKMARK [3][-]{subsubsection*.15}{\376\377\000I\000n\000s\000t\000a\000l\000l\000\040\000b\000u\000i\000l\000d\000\040\000e\000n\000v\000i\000r\000o\000n\000m\000e\000n\000t\000\040\000v\000i\000a\000\040\000m\000i\000n\000i\000c\000o\000n\000d\000a\000\040\000\050\000r\000e\000c\000o\000m\000m\000e\000n\000d\000e\000d\000\051}{subsection.4.3.1}% 60
\BOOKMARK [3][-]{subsubsection*.16}{\376\377\000I\000n\000s\000t\000a\000l\000l\000\040\000b\000u\000i\000l\000d\000\040\000e\000n\000v\000i\000r\000o\000n\000m\000e\000n\000t\000\040\000v\000i\000a\000\040\000s\000y\000s\000t\000e\000m\000\040\000p\000a\000c\000k\000a\000g\000e\000s\000\040\000\050\000a\000d\000v\000a\000n\000c\000e\000d\000\051}{subsection.4.3.1}% 61
\BOOKMARK [4][-]{paragraph*.17}{\376\377\000U\000n\000i\000x\000/\000L\000i\000n\000u\000x\000:}{subsubsection*.16}% 62
\BOOKMARK [4][-]{paragraph*.18}{\376\377\000M\000a\000c\000O\000S\000\040\000X}{subsubsection*.16}% 63
\BOOKMARK [3][-]{subsubsection*.19}{\376\377\000W\000i\000n\000d\000o\000w\000s}{subsection.4.3.1}% 64
\BOOKMARK [2][-]{subsection.4.3.2}{\376\377\000B\000u\000i\000l\000d\000\040\000P\000y\000P\000o\000p}{section.4.3}% 65
\BOOKMARK [3][-]{subsubsection*.20}{\376\377\000B\000u\000i\000l\000d\000-\000a\000n\000d\000-\000i\000n\000s\000t\000a\000l\000l\000\040\000\050\000n\000o\000t\000\040\000r\000e\000c\000o\000m\000m\000e\000n\000d\000e\000d\000\040\000f\000o\000r\000\040\000d\000e\000v\000e\000l\000o\000p\000e\000r\000s\000\051}{subsection.4.3.2}% 66
\BOOKMARK [3][-]{subsubsection*.21}{\376\377\000B\000u\000i\000l\000d\000-\000a\000n\000d\000-\000r\000u\000n\000-\000f\000r\000o\000m\000-\000c\000h\000e\000c\000k\000o\000u\000t\000\040\000\050\000r\000e\000c\000o\000m\000m\000e\000n\000d\000e\000d\000\040\000f\000o\000r\000\040\000d\000e\000v\000e\000l\000o\000p\000e\000r\000s\000\051}{subsection.4.3.2}% 67
\BOOKMARK [3][-]{subsubsection*.22}{\376\377\000C\000l\000e\000a\000n\000i\000n\000g\000\040\000u\000p\000\040\000b\000u\000i\000l\000d}{subsection.4.3.2}% 68
\BOOKMARK [1][-]{section.4.4}{\376\377\000M\000a\000k\000i\000n\000g\000\040\000a\000\040\000d\000o\000c\000u\000m\000e\000n\000t\000a\000t\000i\000o\000n\000\040\000o\000r\000\040\000w\000e\000b\000s\000i\000t\000e\000\040\000c\000o\000n\000t\000r\000i\000b\000u\000t\000i\000o\000n}{chapter.4}% 69
\BOOKMARK [2][-]{subsection.4.4.1}{\376\377\000O\000v\000e\000r\000v\000i\000e\000w}{section.4.4}% 70
\BOOKMARK [2][-]{subsection.4.4.2}{\376\377\000S\000t\000r\000u\000c\000t\000u\000r\000e}{section.4.4}% 71
\BOOKMARK [2][-]{subsection.4.4.3}{\376\377\000M\000o\000d\000i\000f\000y\000i\000n\000g\000\040\000d\000o\000c\000u\000m\000e\000n\000t\000a\000t\000i\000o\000n}{section.4.4}% 72
\BOOKMARK [3][-]{subsubsection*.23}{\376\377\000M\000i\000n\000o\000r\000\040\000m\000o\000d\000i\000f\000i\000c\000a\000t\000i\000o\000n\000s}{subsection.4.4.3}% 73
\BOOKMARK [3][-]{subsubsection*.24}{\376\377\000M\000a\000j\000o\000r\000\040\000m\000o\000d\000i\000f\000i\000c\000a\000t\000i\000o\000n\000s}{subsection.4.4.3}% 74
\BOOKMARK [0][-]{chapter.5}{\376\377\000A\000u\000t\000h\000o\000r\000s\000\040\000a\000n\000d\000\040\000h\000i\000s\000t\000o\000r\000y}{}% 75
\BOOKMARK [1][-]{section.5.1}{\376\377\000A\000u\000t\000h\000o\000r\000s\000\040\000o\000f\000\040\000s\000o\000f\000t\000w\000a\000r\000e\000\040\000c\000o\000m\000p\000o\000n\000e\000n\000t\000s}{chapter.5}% 76
\BOOKMARK [1][-]{section.5.2}{\376\377\000P\000y\000P\000o\000p\000\040\000R\000e\000l\000e\000a\000s\000e\000\040\000H\000i\000s\000t\000o\000r\000y}{chapter.5}% 77
\BOOKMARK [2][-]{subsection.5.2.1}{\376\377\000N\000o\000t\000e\000s\000\040\000t\000o\000w\000a\000r\000d\000s\000\040\000n\000e\000x\000t\000\040\000r\000e\000l\000e\000a\000s\000e}{section.5.2}% 78
\BOOKMARK [3][-]{subsubsection*.25}{\376\377\000N\000e\000w\000\040\000f\000e\000a\000t\000u\000r\000e\000s}{subsection.5.2.1}% 79
\BOOKMARK [2][-]{subsection.5.2.2}{\376\377\000R\000e\000l\000e\000a\000s\000e\000\040\000N\000o\000t\000e\000s\000\040\000f\000o\000r\000\040\000P\000y\000P\000o\000p\000\040\0000\000.\0007\000.\0000}{section.5.2}% 80
\BOOKMARK [3][-]{subsubsection*.26}{\376\377\000N\000e\000w\000\040\000f\000e\000a\000t\000u\000r\000e\000s}{subsection.5.2.2}% 81
\BOOKMARK [3][-]{subsubsection*.27}{\376\377\000B\000u\000g\000\040\000f\000i\000x\000e\000s}{subsection.5.2.2}% 82
\BOOKMARK [3][-]{subsubsection*.28}{\376\377\000O\000t\000h\000e\000r\000\040\000i\000s\000s\000u\000e\000s}{subsection.5.2.2}% 83
\BOOKMARK [2][-]{subsection.5.2.3}{\376\377\000R\000e\000l\000e\000a\000s\000e\000\040\000N\000o\000t\000e\000s\000\040\000f\000o\000r\000\040\000P\000y\000P\000o\000p\000\040\0000\000.\0006\000.\0000}{section.5.2}% 84
\BOOKMARK [3][-]{subsubsection*.29}{\376\377\000N\000e\000w\000\040\000f\000e\000a\000t\000u\000r\000e\000s}{subsection.5.2.3}% 85
\BOOKMARK [3][-]{subsubsection*.30}{\376\377\000B\000u\000g\000\040\000f\000i\000x\000e\000s}{subsection.5.2.3}% 86
\BOOKMARK [2][-]{subsection.5.2.4}{\376\377\000R\000e\000l\000e\000a\000s\000e\000\040\000N\000o\000t\000e\000s\000\040\000f\000o\000r\000\040\000P\000y\000P\000o\000p\000\040\0000\000.\0005\000.\0002\000\040\000\050\000p\000u\000b\000l\000i\000c\000\040\000b\000e\000t\000a\000\051}{section.5.2}% 87
\BOOKMARK [3][-]{subsubsection*.31}{\376\377\000B\000u\000g\000\040\000f\000i\000x\000e\000s}{subsection.5.2.4}% 88
\BOOKMARK [2][-]{subsection.5.2.5}{\376\377\000R\000e\000l\000e\000a\000s\000e\000\040\000N\000o\000t\000e\000s\000\040\000f\000o\000r\000\040\000P\000y\000P\000o\000p\000\040\0000\000.\0005\000.\0001\000\040\000\050\000p\000u\000b\000l\000i\000c\000\040\000b\000e\000t\000a\000\051}{section.5.2}% 89
\BOOKMARK [3][-]{subsubsection*.32}{\376\377\000C\000h\000a\000n\000g\000e\000s}{subsection.5.2.5}% 90
\BOOKMARK [3][-]{subsubsection*.33}{\376\377\000B\000u\000g\000\040\000f\000i\000x\000e\000s}{subsection.5.2.5}% 91
\BOOKMARK [2][-]{subsection.5.2.6}{\376\377\000R\000e\000l\000e\000a\000s\000e\000\040\000N\000o\000t\000e\000s\000\040\000f\000o\000r\000\040\000P\000y\000P\000o\000p\000\040\0000\000.\0005\000\040\000\050\000p\000u\000b\000l\000i\000c\000\040\000b\000e\000t\000a\000\051}{section.5.2}% 92
\BOOKMARK [3][-]{subsubsection*.34}{\376\377\000C\000h\000a\000n\000g\000e\000s}{subsection.5.2.6}% 93
\BOOKMARK [3][-]{subsubsection*.35}{\376\377\000B\000u\000g\000\040\000f\000i\000x\000e\000s}{subsection.5.2.6}% 94
\BOOKMARK [2][-]{subsection.5.2.7}{\376\377\000R\000e\000l\000e\000a\000s\000e\000\040\000N\000o\000t\000e\000s\000\040\000f\000o\000r\000\040\000P\000y\000P\000o\000p\000\040\0000\000.\0004\000.\0003\000b\000e\000t\000a}{section.5.2}% 95
\BOOKMARK [3][-]{subsubsection*.36}{\376\377\000B\000u\000g\000\040\000f\000i\000x\000e\000s}{subsection.5.2.7}% 96
\BOOKMARK [0][-]{chapter.6}{\376\377\000L\000i\000c\000e\000n\000s\000e\000s}{}% 97
\BOOKMARK [1][-]{section.6.1}{\376\377\000L\000i\000c\000e\000n\000s\000e\000\040\000t\000e\000r\000m\000s\000\040\000f\000o\000r\000\040\000P\000y\000P\000o\000p}{chapter.6}% 98
\BOOKMARK [2][-]{subsection.6.1.1}{\376\377\000G\000N\000U\000\040\000G\000e\000n\000e\000r\000a\000l\000\040\000P\000u\000b\000l\000i\000c\000\040\000L\000i\000c\000e\000n\000s\000e}{section.6.1}% 99
\BOOKMARK [1][-]{section.6.2}{\376\377\000L\000i\000c\000e\000n\000s\000e\000\040\000f\000o\000r\000\040\000P\000y\000P\000o\000p\000\040\000d\000o\000c\000u\000m\000e\000n\000t\000a\000t\000i\000o\000n}{chapter.6}% 100
\BOOKMARK [2][-]{subsection.6.2.1}{\376\377\000G\000N\000U\000\040\000F\000r\000e\000e\000\040\000D\000o\000c\000u\000m\000e\000n\000t\000a\000t\000i\000o\000n\000\040\000L\000i\000c\000e\000n\000s\000e}{section.6.2}% 101
\BOOKMARK [0][-]{chapter*.38}{\376\377\000B\000i\000b\000l\000i\000o\000g\000r\000a\000p\000h\000y}{}% 102
